
2024-08-28 14:35:20,050 - httpx - INFO - HTTP Request: POST http://localhost:6333/collections/InternVL2-8B_captions/points/count "HTTP/1.1 200 OK"
2024-08-28 14:35:20,052 - __main__ - INFO - Total points in the collection: 10000
2024-08-28 14:35:20,081 - httpx - INFO - HTTP Request: POST http://localhost:6333/collections/InternVL2-8B_captions/points "HTTP/1.1 200 OK"
2024-08-28 14:35:20,548 - __main__ - INFO - Processed 0/999 entries.
2024-08-28 14:35:20,549 - __main__ - INFO - Image URL: http://static.flickr.com/2389/2249239842_2f035af791.jpg
2024-08-28 14:35:20,549 - __main__ - INFO - Label probs:, [[0.02002 0.98   ]]
2024-08-28 14:35:37,374 - __main__ - INFO - Processed 100/999 entries.
2024-08-28 14:35:37,374 - __main__ - INFO - Image URL: http://static.flickr.com/3273/3073317781_a126766168.jpg
2024-08-28 14:35:37,375 - __main__ - INFO - Label probs:, [[0.012054 0.988   ]]
2024-08-28 14:35:52,785 - __main__ - INFO - Processed 200/999 entries.
2024-08-28 14:35:52,785 - __main__ - INFO - Image URL: http://static.flickr.com/2075/2472616338_8f05c3a9e0.jpg
2024-08-28 14:35:52,785 - __main__ - INFO - Label probs:, [[0.212 0.788]]
2024-08-28 14:36:08,038 - __main__ - INFO - Processed 300/999 entries.
2024-08-28 14:36:08,038 - __main__ - INFO - Image URL: http://static.flickr.com/2077/2231309830_9209500ab3.jpg
2024-08-28 14:36:08,038 - __main__ - INFO - Label probs:, [[1.776e-05 1.000e+00]]
2024-08-28 14:36:23,758 - __main__ - INFO - Processed 400/999 entries.
2024-08-28 14:36:23,758 - __main__ - INFO - Image URL: http://static.flickr.com/3175/2695468229_0cabd52c5d.jpg
2024-08-28 14:36:23,758 - __main__ - INFO - Label probs:, [[1.57e-05 1.00e+00]]
2024-08-28 14:36:39,241 - __main__ - INFO - Processed 500/999 entries.
2024-08-28 14:36:39,241 - __main__ - INFO - Image URL: http://static.flickr.com/5170/5374942206_ea360b83f9.jpg
2024-08-28 14:36:39,241 - __main__ - INFO - Label probs:, [[0.003223 0.9966  ]]
2024-08-28 14:36:54,312 - __main__ - INFO - Processed 600/999 entries.
2024-08-28 14:36:54,312 - __main__ - INFO - Image URL: http://static.flickr.com/30/103533730_e2c4668279.jpg
2024-08-28 14:36:54,312 - __main__ - INFO - Label probs:, [[9.995e-01 2.825e-04]]
2024-08-28 14:37:09,753 - __main__ - INFO - Processed 700/999 entries.
2024-08-28 14:37:09,753 - __main__ - INFO - Image URL: http://static.flickr.com/1134/1321961173_7caf9e7063.jpg
2024-08-28 14:37:09,753 - __main__ - INFO - Label probs:, [[8.83e-04 9.99e-01]]
2024-08-28 14:37:25,064 - __main__ - INFO - Processed 800/999 entries.
2024-08-28 14:37:25,064 - __main__ - INFO - Image URL: http://static.flickr.com/3345/3491341167_dd11b34012.jpg
2024-08-28 14:37:25,064 - __main__ - INFO - Label probs:, [[0.269 0.731]]
2024-08-28 14:37:40,013 - __main__ - INFO - Processed 900/999 entries.
2024-08-28 14:37:40,014 - __main__ - INFO - Image URL: http://static.flickr.com/2639/3987383677_30c8a1dd7b.jpg
2024-08-28 14:37:40,014 - __main__ - INFO - Label probs:, [[0.00522 0.9946 ]]
