
2024-08-19 18:20:45,999 - httpx - INFO - HTTP Request: POST http://localhost:6333/collections/image_captions/points/count "HTTP/1.1 200 OK"
2024-08-19 18:20:46,001 - __main__ - INFO - Total points in the collection: 10000
2024-08-19 18:20:46,015 - httpx - INFO - HTTP Request: POST http://localhost:6333/collections/image_captions/points "HTTP/1.1 200 OK"
2024-08-19 18:20:46,374 - __main__ - INFO - Processed 0/999 entries.
2024-08-19 18:20:46,374 - __main__ - INFO - Image URL: http://static.flickr.com/2389/2249239842_2f035af791.jpg
2024-08-19 18:20:46,374 - __main__ - INFO - Label probs:, [[0.04025 0.96   ]]
2024-08-19 18:20:59,309 - __main__ - INFO - Processed 100/999 entries.
2024-08-19 18:20:59,310 - __main__ - INFO - Image URL: http://static.flickr.com/3273/3073317781_a126766168.jpg
2024-08-19 18:20:59,310 - __main__ - INFO - Label probs:, [[0.005554 0.9946  ]]
2024-08-19 18:21:11,975 - __main__ - INFO - Processed 200/999 entries.
2024-08-19 18:21:11,975 - __main__ - INFO - Image URL: http://static.flickr.com/2075/2472616338_8f05c3a9e0.jpg
2024-08-19 18:21:11,975 - __main__ - INFO - Label probs:, [[0.01799 0.982  ]]
2024-08-19 18:21:24,569 - __main__ - INFO - Processed 300/999 entries.
2024-08-19 18:21:24,569 - __main__ - INFO - Image URL: http://static.flickr.com/2077/2231309830_9209500ab3.jpg
2024-08-19 18:21:24,570 - __main__ - INFO - Label probs:, [[2.034e-04 1.000e+00]]
2024-08-19 18:21:37,208 - __main__ - INFO - Processed 400/999 entries.
2024-08-19 18:21:37,208 - __main__ - INFO - Image URL: http://static.flickr.com/3175/2695468229_0cabd52c5d.jpg
2024-08-19 18:21:37,208 - __main__ - INFO - Label probs:, [[0.002398 0.9976  ]]
2024-08-19 18:21:49,739 - __main__ - INFO - Processed 500/999 entries.
2024-08-19 18:21:49,739 - __main__ - INFO - Image URL: http://static.flickr.com/5170/5374942206_ea360b83f9.jpg
2024-08-19 18:21:49,739 - __main__ - INFO - Label probs:, [[0.00454 0.9956 ]]
2024-08-19 18:22:02,254 - __main__ - INFO - Processed 600/999 entries.
2024-08-19 18:22:02,254 - __main__ - INFO - Image URL: http://static.flickr.com/30/103533730_e2c4668279.jpg
2024-08-19 18:22:02,254 - __main__ - INFO - Label probs:, [[0.9976   0.002512]]
2024-08-19 18:22:14,818 - __main__ - INFO - Processed 700/999 entries.
2024-08-19 18:22:14,818 - __main__ - INFO - Image URL: http://static.flickr.com/1134/1321961173_7caf9e7063.jpg
2024-08-19 18:22:14,818 - __main__ - INFO - Label probs:, [[0.01049 0.9897 ]]
2024-08-19 18:22:27,286 - __main__ - INFO - Processed 800/999 entries.
2024-08-19 18:22:27,286 - __main__ - INFO - Image URL: http://static.flickr.com/3345/3491341167_dd11b34012.jpg
2024-08-19 18:22:27,287 - __main__ - INFO - Label probs:, [[0.915  0.0851]]
2024-08-19 18:22:39,711 - __main__ - INFO - Processed 900/999 entries.
2024-08-19 18:22:39,711 - __main__ - INFO - Image URL: http://static.flickr.com/2639/3987383677_30c8a1dd7b.jpg
2024-08-19 18:22:39,711 - __main__ - INFO - Label probs:, [[0.04886 0.951  ]]
